<?xml version="1.0" encoding="UTF-8"?>
<!-- Generated by org.testng.reporters.JUnitReportReporter -->
<testsuite skipped="0" hostname="BDC4-L-DB27QQ2" name="com.ExtentReportExample.DemoExtentReports" tests="2" failures="0" timestamp="19 Sep 2018 05:42:20 GMT" time="0.016" errors="0">
  <testcase name="positivetest" time="0.005" classname="com.ExtentReportExample.DemoExtentReports"/>
  <testcase name="negativetest" time="0.011" classname="com.ExtentReportExample.DemoExtentReports"/>
</testsuite> <!-- com.ExtentReportExample.DemoExtentReports -->
