<?xml version="1.0" encoding="UTF-8"?>
<!-- Generated by org.testng.reporters.JUnitReportReporter -->
<testsuite skipped="0" hostname="BDC4-L-DB27QQ2" name="com.RobotExample.ClickonNewTab" tests="1" failures="0" timestamp="18 Sep 2018 10:41:52 GMT" time="15.250" errors="0">
  <testcase name="testcase" time="15.250" classname="com.RobotExample.ClickonNewTab"/>
</testsuite> <!-- com.RobotExample.ClickonNewTab -->
