<?xml version="1.0" encoding="UTF-8"?>
<!-- Generated by org.testng.reporters.JUnitReportReporter -->
<testsuite skipped="0" hostname="BDC4-L-DB27QQ2" name="com.Day2.WorkingWithAlerts" tests="1" failures="0" timestamp="18 Sep 2018 11:20:02 GMT" time="15.610" errors="0">
  <testcase name="testcase" time="15.610" classname="com.Day2.WorkingWithAlerts"/>
</testsuite> <!-- com.Day2.WorkingWithAlerts -->
