<?xml version="1.0" encoding="UTF-8"?>
<!-- Generated by org.testng.reporters.JUnitReportReporter -->
<testsuite skipped="0" hostname="BDC4-L-DB27QQ2" name="com.ActionsExample.KeyEventsWithActionClass" tests="1" failures="0" timestamp="18 Sep 2018 10:11:29 GMT" time="16.305" errors="0">
  <testcase name="testcase" time="16.305" classname="com.ActionsExample.KeyEventsWithActionClass"/>
</testsuite> <!-- com.ActionsExample.KeyEventsWithActionClass -->
