<?xml version="1.0" encoding="UTF-8"?>
<!-- Generated by org.testng.reporters.JUnitReportReporter -->
<testsuite skipped="0" hostname="BDC4-L-DB27QQ2" name="com.Day2.WorkingWithMultipleTabs" tests="1" failures="0" timestamp="18 Sep 2018 07:13:08 GMT" time="15.373" errors="0">
  <testcase name="testcase" time="15.373" classname="com.Day2.WorkingWithMultipleTabs"/>
</testsuite> <!-- com.Day2.WorkingWithMultipleTabs -->
